npm error code ERESOLVE
npm error ERESOLVE unable to resolve dependency tree
npm error
npm error While resolving: critiquest@1.0.0
npm error Found: react@19.0.0
npm error node_modules/react
npm error   react@"19.0.0" from the root project
npm error   peer react@"^16.8.0 || ^17.0.0 || ^18.0.0 || ^19.0.0-beta" from @storybook/react-native-web-vite@9.0.1
npm error   node_modules/@storybook/react-native-web-vite
npm error     dev @storybook/react-native-web-vite@"9.0.1" from the root project
npm error
npm error Could not resolve dependency:
npm error peer react@"^19.1.0" from react-dom@19.1.0
npm error node_modules/react-dom
npm error   dev react-dom@"^19.0.0" from the root project
npm error   peer react-dom@"^16.8.0 || ^17.0.0 || ^18.0.0 || ^19.0.0-beta" from @storybook/react-native-web-vite@9.0.1
npm error   node_modules/@storybook/react-native-web-vite
npm error     dev @storybook/react-native-web-vite@"9.0.1" from the root project
npm error
npm error Fix the upstream dependency conflict, or retry
npm error this command with --force or --legacy-peer-deps
npm error to accept an incorrect (and potentially broken) dependency resolution.
npm error
npm error
npm error For a full report see:
npm error C:\Users\dawid\AppData\Local\npm-cache\_logs\2025-05-30T21_01_14_433Z-eresolve-report.txt
npm error A complete log of this run can be found in: C:\Users\dawid\AppData\Local\npm-cache\_logs\2025-05-30T21_01_14_433Z-debug-0.log
